<?xml version="1.0" encoding="UTF-8"?>
<!-- Generated by org.testng.reporters.JUnitReportReporter -->
<testsuite skipped="0" hostname="comp18" name="com.spring.springtest.SpringtestApplicationTests" tests="1" failures="0" timestamp="14 Jun 2019 16:53:05 GMT" time="0.019" errors="0">
  <testcase name="contextLoads" time="0.019" classname="com.spring.springtest.SpringtestApplicationTests"/>
</testsuite> <!-- com.spring.springtest.SpringtestApplicationTests -->
